S1(c1): conectarse("a")
S1(c1): OK!(true)
S1(c2): conectarse("b")
S1(c2): OK!(false)
S2(c2): nuevaPalabra(0)
S1(c3): conectarse("c")
S1(c3): OK!(false)
S2(c3): nuevaPalabra(0)
S2(c1): nuevaPalabra(4)
S2(c1): OK!(null)
S3(c1): obtenerDiferencias("")
S3(c1): Exception!(LongitudErronea)
S2(c2): OK!(null)
S3(c2): LongitudPalabra()
S3(c2): OK!(4)
S2(c3): OK!(null)
S3(c3): LongitudPalabra()
S3(c3): OK!(4)
S4(c3): obtenerDiferencias("adse")
S4(c3): OK!("CXXX")
S5(c3): juegoFinalizado("adse")
S5(c3): OK!(0)
S6(c3): obtenerDiferencias("tasep")
S6(c3): Exception!(LongitudErronea)
S7(c3): obtenerDiferencias("tase")
S7(c3): OK!("XCXX")
S8(c3): juegoFinalizado("tase")
S8(c3): OK!(0)
S9(c3): obtenerDiferencias("part")
S9(c3): OK!("XC=X")
S10(c3): juegoFinalizado("part")
S10(c3): OK!(0)
S11(c3): obtenerDiferencias("lera")
S11(c3): OK!("XX==")
S12(c3): juegoFinalizado("lera")
S12(c3): OK!(0)
S13(c3): obtenerDiferencias("tara")
S13(c3): OK!("XX==")
S14(c3): juegoFinalizado("tara")
S14(c3): OK!(2)
S15(c3): solicitarPalabra()
S15(c3): OK!("HURA")
S16(c3): juegoFinalizado("tara")
S16(c3): OK!(2)
S17(c3): juegoFinalizado("tara")
S17(c3): OK!(2)
S18(c3): juegoFinalizado("tara")
S18(c3): OK!(2)
S19(c3): juegoFinalizado("tara")
S19(c3): OK!(2)
S20(c3): juegoFinalizado("tara")
S20(c3): OK!(2)
S21(c3): juegoFinalizado("tara")
S21(c3): OK!(2)
S22(c3): juegoFinalizado("tara")
S22(c3): OK!(2)
S23(c3): juegoFinalizado("tara")
S23(c3): OK!(2)
S24(c3): juegoFinalizado("tara")
S24(c3): OK!(2)
S25(c3): juegoFinalizado("tara")
S25(c3): OK!(2)
S26(c3): juegoFinalizado("tara")
S26(c3): OK!(2)
S4(c1): obtenerDiferencias("hura")
S4(c1): OK!("====")
S5(c1): juegoFinalizado("hura")
S5(c1): OK!(1)
S27(c3): juegoFinalizado("tara")
S27(c3): OK!(3)
S28(c3): obtenerGanador()
S28(c3): OK!("a")
S29(c3): reiniciarJuego()
S29(c3): OK!(null)
S30(c3): nuevaPalabra(0)
S4(c2): obtenerDiferencias("jiko")
S4(c2): OK!("XXXX")
S5(c2): juegoFinalizado("jiko")
S5(c2): OK!(3)
S6(c2): obtenerGanador()
S6(c2): OK!("a")
S7(c2): solicitarPalabra()
S7(c2): OK!("HURA")
S8(c2): reiniciarJuego()
S8(c2): OK!(null)
S9(c2): nuevaPalabra(0)
S6(c1): reiniciarJuego()
S6(c1): OK!(null)
S7(c1): nuevaPalabra(6)
S7(c1): OK!(null)
S8(c1): obtenerDiferencias("")
S8(c1): Exception!(LongitudErronea)
S30(c3): OK!(null)
S31(c3): LongitudPalabra()
S31(c3): OK!(6)
S32(c3): obtenerDiferencias("s")
S32(c3): Exception!(LongitudErronea)
S9(c2): OK!(null)
S10(c2): LongitudPalabra()
S10(c2): OK!(6)
